#
# A fatal error has been detected by the Java Runtime Environment:
#
#  Internal Error (javaClasses.cpp:136), pid=30308, tid=30008
#  fatal error: Invalid layout of preloaded class
#
# JRE version:  (7.0_45-b18) (build )
# Java VM: Java HotSpot(TM) 64-Bit Server VM (24.45-b08 mixed mode windows-amd64 compressed oops)
# Failed to write core dump. Minidumps are not enabled by default on client versions of Windows
#
# If you would like to submit a bug report, please visit:
#   http://bugreport.sun.com/bugreport/crash.jsp
#

---------------  T H R E A D  ---------------

Current thread (0x000000000252e800):  JavaThread "Unknown thread" [_thread_in_vm, id=30008, stack(0x0000000002250000,0x0000000002350000)]

Stack: [0x0000000002250000,0x0000000002350000]

---------------  P R O C E S S  ---------------

Java Threads: ( => current thread )

Other Threads:

=>0x000000000252e800 (exited) JavaThread "Unknown thread" [_thread_in_vm, id=30008, stack(0x0000000002250000,0x0000000002350000)]

VM state:not at safepoint (not fully initialized)

VM Mutex/Monitor currently owned by a thread: None

GC Heap History (0 events):
No events

Deoptimization events (0 events):
No events

Internal exceptions (0 events):
No events

Events (10 events):
Event: 0.022 loading class 0x00000000023f4020 done
Event: 0.022 loading class 0x00000000023f3a40 done
Event: 0.022 loading class 0x00000000023f3a20
Event: 0.023 loading class 0x00000000023fbb20
Event: 0.023 loading class 0x00000000023fbb20 done
Event: 0.023 loading class 0x00000000023fbb50
Event: 0.023 loading class 0x00000000023fbb50 done
Event: 0.023 loading class 0x00000000023fbb80
Event: 0.023 loading class 0x00000000023fbb80 done
Event: 0.023 loading class 0x00000000023f3a20 done


Dynamic libraries:
0x000007f6a78e0000 - 0x000007f6a7913000 	C:\Program Files\Java\jre7\bin\javaw.exe
0x000007fc2e610000 - 0x000007fc2e7ce000 	C:\Windows\SYSTEM32\ntdll.dll
0x000007fc2e300000 - 0x000007fc2e436000 	C:\Windows\system32\KERNEL32.DLL
0x000007fc2b6c0000 - 0x000007fc2b7b3000 	C:\Windows\system32\KERNELBASE.dll
0x000007fc2d960000 - 0x000007fc2da3e000 	C:\Windows\system32\ADVAPI32.dll
0x000007fc2df90000 - 0x000007fc2e0dc000 	C:\Windows\system32\USER32.dll
0x000007fc28fe0000 - 0x000007fc29249000 	C:\Windows\WinSxS\amd64_microsoft.windows.common-controls_6595b64144ccf1df_6.0.9200.16384_none_418c2a697189c07f\COMCTL32.dll
0x000007fc2dd00000 - 0x000007fc2dda5000 	C:\Windows\system32\msvcrt.dll
0x000007fc2d0b0000 - 0x000007fc2d0f8000 	C:\Windows\SYSTEM32\sechost.dll
0x000007fc2bc80000 - 0x000007fc2bdc0000 	C:\Windows\system32\RPCRT4.dll
0x000007fc2e0e0000 - 0x000007fc2e220000 	C:\Windows\system32\GDI32.dll
0x000007fc2d6f0000 - 0x000007fc2d729000 	C:\Windows\system32\IMM32.DLL
0x000007fc2de70000 - 0x000007fc2df84000 	C:\Windows\system32\MSCTF.dll
0x0000000059d30000 - 0x0000000059e02000 	C:\Program Files\Java\jre7\bin\msvcr100.dll
0x0000000059560000 - 0x0000000059d29000 	C:\Program Files\Java\jre7\bin\server\jvm.dll
0x000007fc296a0000 - 0x000007fc296a9000 	C:\Windows\SYSTEM32\WSOCK32.dll
0x000007fc252e0000 - 0x000007fc25300000 	C:\Windows\SYSTEM32\WINMM.dll
0x000007fc2d680000 - 0x000007fc2d687000 	C:\Windows\system32\PSAPI.DLL
0x000007fc2d690000 - 0x000007fc2d6e8000 	C:\Windows\system32\WS2_32.dll
0x000007fc24830000 - 0x000007fc24862000 	C:\Windows\SYSTEM32\WINMMBASE.dll
0x000007fc2dcf0000 - 0x000007fc2dcf9000 	C:\Windows\system32\NSI.dll
0x0000000059550000 - 0x000000005955f000 	C:\Program Files\Java\jre7\bin\verify.dll
0x0000000059520000 - 0x0000000059548000 	C:\Program Files\Java\jre7\bin\java.dll
0x0000000059500000 - 0x0000000059515000 	C:\Program Files\Java\jre7\bin\zip.dll

VM Arguments:
jvm_args: -Dfile.encoding=Cp1252 -Xbootclasspath:D:\adt-bundle-windows-x86_64-20131030\adt-bundle-windows-x86_64-20131030\sdk\platforms\android-19\android.jar 
java_command: <unknown>
Launcher Type: SUN_STANDARD

Environment Variables:
PATH=C:\Windows\system32;C:\Windows;C:\Windows\System32\Wbem;C:\Windows\System32\WindowsPowerShell\v1.0\
USERNAME=rajkin hossain
OS=Windows_NT
PROCESSOR_IDENTIFIER=Intel64 Family 6 Model 58 Stepping 9, GenuineIntel



---------------  S Y S T E M  ---------------

OS: Windows 8 , 64 bit Build 9200 

CPU:total 4 (2 cores per cpu, 2 threads per core) family 6 model 58 stepping 9, cmov, cx8, fxsr, mmx, sse, sse2, sse3, ssse3, sse4.1, sse4.2, popcnt, avx, aes, erms, ht, tsc, tscinvbit, tscinv

Memory: 4k page, physical 4072000k(1892832k free), swap 5846812k(3182524k free)

vm_info: Java HotSpot(TM) 64-Bit Server VM (24.45-b08) for windows-amd64 JRE (1.7.0_45-b18), built on Oct  8 2013 05:47:22 by "java_re" with unknown MS VC++:1600

time: Fri Jan 31 19:00:24 2014
elapsed time: 0 seconds

